2023-04-18 12:23:21,529 INFO  [Logger] Application Opened 
2023-04-18 12:23:21,551 INFO  [Logger] Application Opened 
2023-04-18 12:23:25,163 INFO  [Logger] Application Opened 
2023-04-18 12:23:25,175 INFO  [Logger] Application Opened 
2023-04-18 12:23:25,459 INFO  [Logger] Application Opened 
2023-04-18 12:23:56,636 INFO  [Logger] Application Opened 
2023-04-18 12:23:56,955 INFO  [Logger] Application Opened 
2023-04-18 12:25:32,998 INFO  [Logger] Application Opened 
2023-04-18 12:25:33,304 INFO  [Logger] Application Opened 
2023-04-18 12:25:40,466 INFO  [Logger] Application Opened 
2023-04-18 12:25:40,488 INFO  [Logger] Application Opened 
2023-04-18 12:25:43,999 INFO  [Logger] Application Opened 
2023-04-18 12:25:44,007 INFO  [Logger] Application Opened 
2023-04-18 12:25:44,263 INFO  [Logger] Application Opened 
2023-04-18 12:27:07,973 INFO  [Logger] Application Opened 
2023-04-18 12:27:08,295 INFO  [Logger] Application Opened 
2023-04-18 12:27:15,315 INFO  [Logger] Application Opened 
2023-04-18 12:40:53,833 INFO  [Logger] Application Opened 
2023-04-18 12:40:54,156 INFO  [Logger] Application Opened 
2023-04-18 12:41:00,410 INFO  [Logger] Application Opened 
2023-04-18 12:44:01,268 INFO  [Logger] Application Opened 
2023-04-18 12:44:01,571 INFO  [Logger] logout complted 
2023-04-18 12:44:08,654 INFO  [Logger] Application Opened 
2023-04-18 12:44:08,675 INFO  [Logger] enter into frme 
2023-04-18 12:44:12,383 INFO  [Logger] new emp added 
2023-04-18 12:44:12,392 INFO  [Logger] Exit from frme 
2023-04-18 12:44:12,699 INFO  [Logger] logout complted 
